# JRE version: Java(TM) SE Runtime Environment (8.0_161-b12) (build 1.8.0_161-b12)
# Java VM: Java HotSpot(TM) 64-Bit Server VM (25.161-b12 mixed mode windows-amd64 compressed oops)
Heap:
 PSYoungGen      total 17920K, used 4107K [0x00000000f6000000, 0x00000000f7980000, 0x0000000100000000)
  eden space 17408K, 22% used [0x00000000f6000000,0x00000000f63d2df8,0x00000000f7100000)
  from space 512K, 37% used [0x00000000f7900000,0x00000000f7930000,0x00000000f7980000)
  to   space 1024K, 0% used [0x00000000f7780000,0x00000000f7780000,0x00000000f7880000)
 ParOldGen       total 20480K, used 11020K [0x00000000e2000000, 0x00000000e3400000, 0x00000000f6000000)
  object space 20480K, 53% used [0x00000000e2000000,0x00000000e2ac32a0,0x00000000e3400000)
 Metaspace       used 12754K, capacity 12934K, committed 13056K, reserved 1060864K
  class space    used 1445K, capacity 1524K, committed 1536K, reserved 1048576K
GC Heap History (10 events):
Event: 55.854 GC heap before
{Heap before GC invocations=47 (full 0):
 PSYoungGen      total 20992K, used 20704K [0x00000000f6000000, 0x00000000f7b00000, 0x0000000100000000)
  eden space 20480K, 100% used [0x00000000f6000000,0x00000000f7400000,0x00000000f7400000)
  from space 512K, 43% used [0x00000000f7a80000,0x00000000f7ab8000,0x00000000f7b00000)
  to   space 1024K, 0% used [0x00000000f7900000,0x00000000f7900000,0x00000000f7a00000)
 ParOldGen       total 20480K, used 10948K [0x00000000e2000000, 0x00000000e3400000, 0x00000000f6000000)
  object space 20480K, 53% used [0x00000000e2000000,0x00000000e2ab12a0,0x00000000e3400000)
 Metaspace       used 12754K, capacity 12934K, committed 13056K, reserved 1060864K
  class space    used 1445K, capacity 1524K, committed 1536K, reserved 1048576K
Event: 55.857 GC heap after
Heap after GC invocations=47 (full 0):
 PSYoungGen      total 20992K, used 192K [0x00000000f6000000, 0x00000000f7b00000, 0x0000000100000000)
  eden space 19968K, 0% used [0x00000000f6000000,0x00000000f6000000,0x00000000f7380000)
  from space 1024K, 18% used [0x00000000f7900000,0x00000000f7930000,0x00000000f7a00000)
  to   space 1024K, 0% used [0x00000000f7a00000,0x00000000f7a00000,0x00000000f7b00000)
 ParOldGen       total 20480K, used 10956K [0x00000000e2000000, 0x00000000e3400000, 0x00000000f6000000)
  object space 20480K, 53% used [0x00000000e2000000,0x00000000e2ab32a0,0x00000000e3400000)
 Metaspace       used 12754K, capacity 12934K, committed 13056K, reserved 1060864K
  class space    used 1445K, capacity 1524K, committed 1536K, reserved 1048576K
}
Event: 56.357 GC heap before
{Heap before GC invocations=48 (full 0):
 PSYoungGen      total 20992K, used 20160K [0x00000000f6000000, 0x00000000f7b00000, 0x0000000100000000)
  eden space 19968K, 100% used [0x00000000f6000000,0x00000000f7380000,0x00000000f7380000)
  from space 1024K, 18% used [0x00000000f7900000,0x00000000f7930000,0x00000000f7a00000)
  to   space 1024K, 0% used [0x00000000f7a00000,0x00000000f7a00000,0x00000000f7b00000)
 ParOldGen       total 20480K, used 10956K [0x00000000e2000000, 0x00000000e3400000, 0x00000000f6000000)
  object space 20480K, 53% used [0x00000000e2000000,0x00000000e2ab32a0,0x00000000e3400000)
 Metaspace       used 12754K, capacity 12934K, committed 13056K, reserved 1060864K
  class space    used 1445K, capacity 1524K, committed 1536K, reserved 1048576K
Event: 56.360 GC heap after
Heap after GC invocations=48 (full 0):
 PSYoungGen      total 19968K, used 224K [0x00000000f6000000, 0x00000000f7a80000, 0x0000000100000000)
  eden space 19456K, 0% used [0x00000000f6000000,0x00000000f6000000,0x00000000f7300000)
  from space 512K, 43% used [0x00000000f7a00000,0x00000000f7a38000,0x00000000f7a80000)
  to   space 1024K, 0% used [0x00000000f7880000,0x00000000f7880000,0x00000000f7980000)
 ParOldGen       total 20480K, used 10964K [0x00000000e2000000, 0x00000000e3400000, 0x00000000f6000000)
  object space 20480K, 53% used [0x00000000e2000000,0x00000000e2ab52a0,0x00000000e3400000)
 Metaspace       used 12754K, capacity 12934K, committed 13056K, reserved 1060864K
  class space    used 1445K, capacity 1524K, committed 1536K, reserved 1048576K
}
Event: 56.995 GC heap before
{Heap before GC invocations=49 (full 0):
 PSYoungGen      total 19968K, used 19680K [0x00000000f6000000, 0x00000000f7a80000, 0x0000000100000000)
  eden space 19456K, 100% used [0x00000000f6000000,0x00000000f7300000,0x00000000f7300000)
  from space 512K, 43% used [0x00000000f7a00000,0x00000000f7a38000,0x00000000f7a80000)
  to   space 1024K, 0% used [0x00000000f7880000,0x00000000f7880000,0x00000000f7980000)
 ParOldGen       total 20480K, used 10964K [0x00000000e2000000, 0x00000000e3400000, 0x00000000f6000000)
  object space 20480K, 53% used [0x00000000e2000000,0x00000000e2ab52a0,0x00000000e3400000)
 Metaspace       used 12754K, capacity 12934K, committed 13056K, reserved 1060864K
  class space    used 1445K, capacity 1524K, committed 1536K, reserved 1048576K
Event: 56.998 GC heap after
Heap after GC invocations=49 (full 0):
 PSYoungGen      total 19968K, used 224K [0x00000000f6000000, 0x00000000f7a80000, 0x0000000100000000)
  eden space 18944K, 0% used [0x00000000f6000000,0x00000000f6000000,0x00000000f7280000)
  from space 1024K, 21% used [0x00000000f7880000,0x00000000f78b8000,0x00000000f7980000)
  to   space 1024K, 0% used [0x00000000f7980000,0x00000000f7980000,0x00000000f7a80000)
 ParOldGen       total 20480K, used 10972K [0x00000000e2000000, 0x00000000e3400000, 0x00000000f6000000)
  object space 20480K, 53% used [0x00000000e2000000,0x00000000e2ab72a0,0x00000000e3400000)
 Metaspace       used 12754K, capacity 12934K, committed 13056K, reserved 1060864K
  class space    used 1445K, capacity 1524K, committed 1536K, reserved 1048576K
}
Event: 57.523 GC heap before
{Heap before GC invocations=50 (full 0):
 PSYoungGen      total 19968K, used 19168K [0x00000000f6000000, 0x00000000f7a80000, 0x0000000100000000)
  eden space 18944K, 100% used [0x00000000f6000000,0x00000000f7280000,0x00000000f7280000)
  from space 1024K, 21% used [0x00000000f7880000,0x00000000f78b8000,0x00000000f7980000)
  to   space 1024K, 0% used [0x00000000f7980000,0x00000000f7980000,0x00000000f7a80000)
 ParOldGen       total 20480K, used 10972K [0x00000000e2000000, 0x00000000e3400000, 0x00000000f6000000)
  object space 20480K, 53% used [0x00000000e2000000,0x00000000e2ab72a0,0x00000000e3400000)
 Metaspace       used 12754K, capacity 12934K, committed 13056K, reserved 1060864K
  class space    used 1445K, capacity 1524K, committed 1536K, reserved 1048576K
Event: 57.525 GC heap after
Heap after GC invocations=50 (full 0):
 PSYoungGen      total 18944K, used 192K [0x00000000f6000000, 0x00000000f7a00000, 0x0000000100000000)
  eden space 18432K, 0% used [0x00000000f6000000,0x00000000f6000000,0x00000000f7200000)
  from space 512K, 37% used [0x00000000f7980000,0x00000000f79b0000,0x00000000f7a00000)
  to   space 1024K, 0% used [0x00000000f7800000,0x00000000f7800000,0x00000000f7900000)
 ParOldGen       total 20480K, used 10988K [0x00000000e2000000, 0x00000000e3400000, 0x00000000f6000000)
  object space 20480K, 53% used [0x00000000e2000000,0x00000000e2abb2a0,0x00000000e3400000)
 Metaspace       used 12754K, capacity 12934K, committed 13056K, reserved 1060864K
  class space    used 1445K, capacity 1524K, committed 1536K, reserved 1048576K
}
Event: 58.074 GC heap before
{Heap before GC invocations=51 (full 0):
 PSYoungGen      total 18944K, used 18624K [0x00000000f6000000, 0x00000000f7a00000, 0x0000000100000000)
  eden space 18432K, 100% used [0x00000000f6000000,0x00000000f7200000,0x00000000f7200000)
  from space 512K, 37% used [0x00000000f7980000,0x00000000f79b0000,0x00000000f7a00000)
  to   space 1024K, 0% used [0x00000000f7800000,0x00000000f7800000,0x00000000f7900000)
 ParOldGen       total 20480K, used 10988K [0x00000000e2000000, 0x00000000e3400000, 0x00000000f6000000)
  object space 20480K, 53% used [0x00000000e2000000,0x00000000e2abb2a0,0x00000000e3400000)
 Metaspace       used 12754K, capacity 12934K, committed 13056K, reserved 1060864K
  class space    used 1445K, capacity 1524K, committed 1536K, reserved 1048576K
Event: 58.077 GC heap after
Heap after GC invocations=51 (full 0):
 PSYoungGen      total 18944K, used 224K [0x00000000f6000000, 0x00000000f7a00000, 0x0000000100000000)
  eden space 17920K, 0% used [0x00000000f6000000,0x00000000f6000000,0x00000000f7180000)
  from space 1024K, 21% used [0x00000000f7800000,0x00000000f7838000,0x00000000f7900000)
  to   space 1024K, 0% used [0x00000000f7900000,0x00000000f7900000,0x00000000f7a00000)
 ParOldGen       total 20480K, used 11004K [0x00000000e2000000, 0x00000000e3400000, 0x00000000f6000000)
  object space 20480K, 53% used [0x00000000e2000000,0x00000000e2abf2a0,0x00000000e3400000)
 Metaspace       used 12754K, capacity 12934K, committed 13056K, reserved 1060864K
  class space    used 1445K, capacity 1524K, committed 1536K, reserved 1048576K
}

